Crashlog created at 2023-01-26 19:30:25 +0000

===== MESSAGE:

RegexpError: end pattern with unmatched parenthesis: /
        ^((?-mix: {0,3})[^ \t].*?)
          (?-mix:(?:[ \t]+\{#([A-Za-z][\w:-]*)\})?)[ \t]*?\n
          (-|=)+\s*?\n
      /x

===== ITEM BEING COMPILED:

Current item: /index.md (:default representation)

===== STACK TRACE:

  0. /usr/local/bundle/gems/gitlab_kramdown-0.23.0/lib/gitlab_kramdown/parser/header.rb:13:in `<module:Header>'
  1. /usr/local/bundle/gems/gitlab_kramdown-0.23.0/lib/gitlab_kramdown/parser/header.rb:11:in `<module:Parser>'
  2. /usr/local/bundle/gems/gitlab_kramdown-0.23.0/lib/gitlab_kramdown/parser/header.rb:4:in `<module:GitlabKramdown>'
  3. /usr/local/bundle/gems/gitlab_kramdown-0.23.0/lib/gitlab_kramdown/parser/header.rb:3:in `<top (required)>'
  4. /usr/local/bundle/gems/zeitwerk-2.6.6/lib/zeitwerk/kernel.rb:38:in `require'
  5. /usr/local/bundle/gems/zeitwerk-2.6.6/lib/zeitwerk/kernel.rb:38:in `require'
  6. /usr/local/bundle/gems/gitlab_kramdown-0.23.0/lib/kramdown/parser/gitlab_kramdown.rb:16:in `<class:GitlabKramdown>'
  7. /usr/local/bundle/gems/gitlab_kramdown-0.23.0/lib/kramdown/parser/gitlab_kramdown.rb:11:in `<module:Parser>'
  8. /usr/local/bundle/gems/gitlab_kramdown-0.23.0/lib/kramdown/parser/gitlab_kramdown.rb:6:in `<module:Kramdown>'
  9. /usr/local/bundle/gems/gitlab_kramdown-0.23.0/lib/kramdown/parser/gitlab_kramdown.rb:5:in `<top (required)>'
  10. /usr/local/bundle/gems/zeitwerk-2.6.6/lib/zeitwerk/kernel.rb:38:in `require'
  11. /usr/local/bundle/gems/zeitwerk-2.6.6/lib/zeitwerk/kernel.rb:38:in `require'
  12. /usr/local/bundle/gems/kramdown-2.4.0/lib/kramdown/document.rb:130:in `try_require'
  13. /usr/local/bundle/gems/kramdown-2.4.0/lib/kramdown/document.rb:100:in `initialize'
  14. lib/filters/gitlab_kramdown.rb:28:in `new'
  15. lib/filters/gitlab_kramdown.rb:28:in `run'
  16. /usr/local/bundle/gems/nanoc-core-4.12.14/lib/nanoc/core/filter.rb:188:in `setup_and_run'
  17. /usr/local/bundle/gems/nanoc-core-4.12.14/lib/nanoc/core/executor.rb:22:in `filter'
  18. /usr/local/bundle/gems/nanoc-core-4.12.14/lib/nanoc/core/compilation_phases/recalculate.rb:32:in `block in run'
  19. /usr/local/bundle/gems/nanoc-core-4.12.14/lib/nanoc/core/action_sequence.rb:48:in `each'
  20. /usr/local/bundle/gems/nanoc-core-4.12.14/lib/nanoc/core/action_sequence.rb:48:in `each'
  21. /usr/local/bundle/gems/nanoc-core-4.12.14/lib/nanoc/core/compilation_phases/recalculate.rb:29:in `run'
  22. /usr/local/bundle/gems/nanoc-core-4.12.14/lib/nanoc/core/compilation_phases/abstract.rb:23:in `call'
  23. /usr/local/bundle/gems/nanoc-core-4.12.14/lib/nanoc/core/compilation_phases/abstract.rb:25:in `block in call'
  24. /usr/local/bundle/gems/nanoc-core-4.12.14/lib/nanoc/core/compilation_phases/cache.rb:28:in `run'
  25. /usr/local/bundle/gems/nanoc-core-4.12.14/lib/nanoc/core/compilation_phases/abstract.rb:23:in `call'
  26. /usr/local/bundle/gems/nanoc-core-4.12.14/lib/nanoc/core/compilation_phases/abstract.rb:25:in `block in call'

===== VERSION INFORMATION:

Nanoc 4.12.14 © 2007–2022 Denis Defreyne.
Running ruby 3.2.0 (2022-12-25) on x86_64-linux with RubyGems 3.4.1.

===== SYSTEM INFORMATION:

Linux a1bc55ad797d 5.15.85-1-MANJARO #1 SMP PREEMPT Wed Dec 21 21:15:06 UTC 2022 x86_64 GNU/Linux

===== INSTALLED GEMS:

  addressable 2.8.1
  asciidoctor 2.0.18
  asciidoctor-plantuml 0.0.16
  bundler 2.4.1
  colored 1.2
  concurrent-ruby 1.2.0
  cri 2.15.11
  ddmetrics 1.0.1
  ddplugin 1.0.3
  diff-lcs 1.5.0
  gitlab_kramdown 0.23.0
  haml 6.1.1
  hamster 3.0.0
  json_schema 0.21.0
  kramdown 2.4.0
  memo_wise 1.7.0
  mini_portile2 2.8.1
  nanoc 4.12.14
  nanoc-checking 1.0.2
  nanoc-cli 4.12.14
  nanoc-core 4.12.14
  nanoc-deploying 1.0.2
  nokogiri 1.13.10
  parallel 1.22.1
  pastel 0.8.0
  psych 4.0.6
  public_suffix 5.0.1
  racc 1.6.2
  rexml 3.2.5
  rouge 4.0.1
  slow_enumerator_tools 1.1.0
  stringio 3.0.4
  temple 0.10.0
  thor 1.2.1
  tilt 2.0.11
  tty-color 0.6.0
  tty-command 0.10.1
  tty-platform 0.3.0
  tty-which 0.5.0
  zeitwerk 2.6.6

===== GEMFILE.LOCK:

GEM
  remote: https://rubygems.org/
  specs:
    addressable (2.8.1)
      public_suffix (>= 2.0.2, < 6.0)
    asciidoctor (2.0.18)
    asciidoctor-plantuml (0.0.16)
      asciidoctor (>= 2.0.17, < 3.0.0)
    colored (1.2)
    concurrent-ruby (1.2.0)
    cri (2.15.11)
    ddmetrics (1.0.1)
    ddplugin (1.0.3)
    diff-lcs (1.5.0)
    gitlab_kramdown (0.23.0)
      asciidoctor-plantuml (= 0.0.16)
      kramdown (~> 2.4.0)
      nokogiri (~> 1.13.0)
      rouge (~> 4.0.0)
    haml (6.1.1)
      temple (>= 0.8.2)
      thor
      tilt
    hamster (3.0.0)
      concurrent-ruby (~> 1.0)
    json_schema (0.21.0)
    kramdown (2.4.0)
      rexml
    memo_wise (1.7.0)
    mini_portile2 (2.8.1)
    nanoc (4.12.14)
      addressable (~> 2.5)
      colored (~> 1.2)
      nanoc-checking (~> 1.0, >= 1.0.2)
      nanoc-cli (= 4.12.14)
      nanoc-core (= 4.12.14)
      nanoc-deploying (~> 1.0)
      parallel (~> 1.12)
      tty-command (~> 0.8)
      tty-which (~> 0.4)
    nanoc-checking (1.0.2)
      nanoc-cli (~> 4.12, >= 4.12.4)
      nanoc-core (~> 4.12, >= 4.12.4)
    nanoc-cli (4.12.14)
      cri (~> 2.15)
      diff-lcs (~> 1.3)
      nanoc-core (= 4.12.14)
      zeitwerk (~> 2.1)
    nanoc-core (4.12.14)
      concurrent-ruby (~> 1.1)
      ddmetrics (~> 1.0)
      ddplugin (~> 1.0)
      hamster (~> 3.0)
      json_schema (~> 0.19)
      memo_wise (~> 1.5)
      psych (~> 4.0)
      slow_enumerator_tools (~> 1.0)
      tty-platform (~> 0.2)
      zeitwerk (~> 2.1)
    nanoc-deploying (1.0.2)
      nanoc-checking (~> 1.0)
      nanoc-cli (~> 4.11, >= 4.11.15)
      nanoc-core (~> 4.11, >= 4.11.15)
    nokogiri (1.13.10)
      mini_portile2 (~> 2.8.0)
      racc (~> 1.4)
    parallel (1.22.1)
    pastel (0.8.0)
      tty-color (~> 0.5)
    psych (4.0.6)
      stringio
    public_suffix (5.0.1)
    racc (1.6.2)
    rexml (3.2.5)
    rouge (4.0.1)
    slow_enumerator_tools (1.1.0)
    stringio (3.0.4)
    temple (0.10.0)
    thor (1.2.1)
    tilt (2.0.11)
    tty-color (0.6.0)
    tty-command (0.10.1)
      pastel (~> 0.8)
    tty-platform (0.3.0)
    tty-which (0.5.0)
    zeitwerk (2.6.6)

PLATFORMS
  x86_64-linux

DEPENDENCIES
  gitlab_kramdown (~> 0.23.0)
  haml (~> 6.1)
  nanoc (~> 4.12)

BUNDLED WITH
   2.4.1

===== LOAD PATHS:

  0. /usr/local/bundle/gems/nanoc-4.12.14/lib
  1. /usr/local/bundle/gems/tty-which-0.5.0/lib
  2. /usr/local/bundle/gems/tty-command-0.10.1/lib
  3. /usr/local/bundle/gems/pastel-0.8.0/lib
  4. /usr/local/bundle/gems/tty-color-0.6.0/lib
  5. /usr/local/bundle/gems/parallel-1.22.1/lib
  6. /usr/local/bundle/gems/nanoc-deploying-1.0.2/lib
  7. /usr/local/bundle/gems/nanoc-checking-1.0.2/lib
  8. /usr/local/bundle/gems/nanoc-cli-4.12.14/lib
  9. /usr/local/bundle/gems/nanoc-core-4.12.14/lib
  10. /usr/local/bundle/gems/zeitwerk-2.6.6/lib
  11. /usr/local/bundle/gems/tty-platform-0.3.0/lib
  12. /usr/local/bundle/gems/slow_enumerator_tools-1.1.0/lib
  13. /usr/local/bundle/gems/psych-4.0.6/lib
  14. /usr/local/bundle/extensions/x86_64-linux/3.2.0/psych-4.0.6
  15. /usr/local/lib/ruby/gems/3.2.0/gems/stringio-3.0.4/lib
  16. /usr/local/lib/ruby/gems/3.2.0/extensions/x86_64-linux/3.2.0/stringio-3.0.4
  17. /usr/local/bundle/gems/memo_wise-1.7.0/lib
  18. /usr/local/bundle/gems/json_schema-0.21.0/lib
  19. /usr/local/bundle/gems/hamster-3.0.0/lib
  20. /usr/local/bundle/gems/haml-6.1.1/lib
  21. /usr/local/bundle/extensions/x86_64-linux/3.2.0/haml-6.1.1
  22. /usr/local/bundle/gems/tilt-2.0.11/lib
  23. /usr/local/bundle/gems/thor-1.2.1/lib
  24. /usr/local/bundle/gems/temple-0.10.0/lib
  25. /usr/local/bundle/gems/gitlab_kramdown-0.23.0/lib
  26. /usr/local/bundle/gems/rouge-4.0.1/lib
  27. /usr/local/bundle/gems/nokogiri-1.13.10/lib
  28. /usr/local/bundle/extensions/x86_64-linux/3.2.0/nokogiri-1.13.10
  29. /usr/local/lib/ruby/gems/3.2.0/gems/racc-1.6.2/lib
  30. /usr/local/lib/ruby/gems/3.2.0/extensions/x86_64-linux/3.2.0/racc-1.6.2
  31. /usr/local/bundle/gems/mini_portile2-2.8.1/lib
  32. /usr/local/bundle/gems/kramdown-2.4.0/lib
  33. /usr/local/lib/ruby/gems/3.2.0/gems/rexml-3.2.5/lib
  34. /usr/local/bundle/gems/diff-lcs-1.5.0/lib
  35. /usr/local/bundle/gems/ddplugin-1.0.3/lib
  36. /usr/local/bundle/gems/ddmetrics-1.0.1/lib
  37. /usr/local/bundle/gems/cri-2.15.11/lib
  38. /usr/local/bundle/gems/concurrent-ruby-1.2.0/lib/concurrent-ruby
  39. /usr/local/bundle/gems/colored-1.2/lib
  40. /usr/local/lib/ruby/gems/3.2.0/gems/bundler-2.4.1/lib
  41. /usr/local/bundle/gems/asciidoctor-plantuml-0.0.16/lib
  42. /usr/local/bundle/gems/asciidoctor-2.0.18/lib
  43. /usr/local/bundle/gems/addressable-2.8.1/lib
  44. /usr/local/bundle/gems/public_suffix-5.0.1/lib
  45. /usr/local/lib/ruby/site_ruby/3.2.0
  46. /usr/local/lib/ruby/site_ruby/3.2.0/x86_64-linux
  47. /usr/local/lib/ruby/site_ruby
  48. /usr/local/lib/ruby/vendor_ruby/3.2.0
  49. /usr/local/lib/ruby/vendor_ruby/3.2.0/x86_64-linux
  50. /usr/local/lib/ruby/vendor_ruby
  51. /usr/local/lib/ruby/3.2.0
  52. /usr/local/lib/ruby/3.2.0/x86_64-linux
